{
  "RSpec": {
    "coverage": {
      "C:/Users/Idries Kysia/Desktop/selt2019_g005/app/helpers/application_helper.rb": [
        1,
        null
      ],
      "C:/Users/Idries Kysia/Desktop/selt2019_g005/app/controllers/comments_controller.rb": [
        1,
        null,
        1,
        1,
        3,
        null,
        null,
        1,
        1,
        null,
        null,
        1,
        4,
        1,
        1,
        null,
        3,
        3,
        2,
        2,
        null,
        2,
        null,
        0,
        0,
        null,
        null,
        null,
        null,
        1,
        1,
        null,
        null,
        1,
        1,
        null,
        null,
        1,
        null,
        null,
        null,
        1,
        null,
        null,
        null,
        1,
        1,
        1,
        1,
        null,
        null
      ],
      "C:/Users/Idries Kysia/Desktop/selt2019_g005/app/controllers/application_controller.rb": [
        1,
        null,
        null,
        null,
        1,
        null,
        1,
        null,
        1,
        29,
        null,
        null,
        null,
        null,
        null,
        null,
        null,
        null
      ],
      "C:/Users/Idries Kysia/Desktop/selt2019_g005/app/controllers/sessions_controller.rb": [
        1,
        1,
        null,
        1,
        7,
        null,
        1,
        2,
        0,
        null,
        2,
        null,
        null,
        null,
        1,
        null,
        null,
        null,
        1,
        5,
        null,
        5,
        1,
        1,
        1,
        null,
        null,
        1,
        null,
        1,
        4,
        1,
        1,
        null,
        3,
        3,
        2,
        2,
        2,
        2,
        1,
        null,
        1,
        null,
        null,
        1,
        1,
        null,
        null,
        null,
        null,
        1,
        2,
        2,
        null,
        null
      ],
      "C:/Users/Idries Kysia/Desktop/selt2019_g005/app/controllers/topics_controller.rb": [
        null,
        null,
        1,
        1,
        null,
        1,
        null,
        1,
        2,
        null,
        1,
        2,
        0,
        null,
        2,
        null,
        null,
        null,
        null,
        1,
        0,
        null,
        null,
        1,
        1,
        1,
        1,
        null,
        null,
        1,
        3,
        2,
        1,
        null,
        1,
        null,
        null,
        1,
        1,
        1,
        0,
        0,
        null,
        1,
        null,
        1,
        null,
        1,
        null,
        null,
        null,
        null,
        null,
        null,
        1,
        1,
        null,
        null,
        1,
        3,
        3,
        3,
        2,
        1,
        null,
        1,
        null,
        null,
        null,
        3,
        null,
        null,
        null,
        1,
        null,
        3,
        2,
        2,
        null,
        1,
        1,
        1,
        1,
        1,
        1,
        1,
        1,
        1,
        1,
        1,
        null,
        0,
        null,
        null,
        null,
        null,
        null,
        1,
        1,
        null,
        null,
        1,
        1,
        1,
        1,
        null,
        0,
        null,
        null,
        null,
        1,
        1,
        1,
        1,
        1,
        1,
        null,
        null,
        1,
        null,
        null,
        null,
        0,
        null,
        null,
        null,
        null,
        null,
        null,
        null
      ],
      "C:/Users/Idries Kysia/Desktop/selt2019_g005/app/controllers/users_controller.rb": [
        1,
        null,
        1,
        null,
        1,
        10,
        null,
        null,
        1,
        null,
        null,
        null,
        1,
        1,
        null,
        null,
        1,
        1,
        null,
        null,
        1,
        null,
        null,
        null,
        1,
        7,
        7,
        2,
        2,
        2,
        null,
        5,
        5,
        null,
        null,
        null,
        1,
        1,
        null,
        null,
        1,
        1,
        1,
        1,
        null,
        null,
        1,
        1,
        1,
        1,
        1,
        1,
        0,
        0,
        0,
        null,
        1,
        1,
        null,
        null
      ],
      "C:/Users/Idries Kysia/Desktop/selt2019_g005/app/mailers/application_mailer.rb": [
        1,
        1,
        1,
        null
      ],
      "C:/Users/Idries Kysia/Desktop/selt2019_g005/app/models/application_record.rb": [
        1,
        1,
        null
      ],
      "C:/Users/Idries Kysia/Desktop/selt2019_g005/app/models/topic.rb": [
        1,
        1,
        1,
        1,
        null,
        1,
        43,
        null,
        1,
        1,
        1,
        null,
        null,
        null,
        null,
        null,
        null,
        null
      ],
      "C:/Users/Idries Kysia/Desktop/selt2019_g005/app/models/user.rb": [
        1,
        null,
        1,
        1,
        null,
        null,
        1,
        1,
        null,
        1,
        1,
        null,
        1,
        101,
        null,
        1,
        null,
        1,
        39,
        39,
        null,
        null,
        1,
        1,
        null,
        null,
        null,
        null,
        null
      ],
      "C:/Users/Idries Kysia/Desktop/selt2019_g005/app/models/comment.rb": [
        1,
        1,
        1,
        null,
        null,
        1,
        null
      ]
    },
    "timestamp": 1576264108
  }
}
